[debug] [2019-08-06T13:04:14.210Z] ----------------------------------------------------------------------
[debug] [2019-08-06T13:04:14.257Z] Command:       C:\Program Files\nodejs\node.exe C:\Users\daniel\AppData\Roaming\npm\node_modules\firebase-tools\lib\bin\firebase.js login --no-localhost
[debug] [2019-08-06T13:04:14.257Z] CLI Version:   7.2.2
[debug] [2019-08-06T13:04:14.257Z] Platform:      win32
[debug] [2019-08-06T13:04:14.257Z] Node Version:  v12.4.0
[debug] [2019-08-06T13:04:14.257Z] Time:          Tue Aug 06 2019 08:04:14 GMT-0500 (GMT-05:00)
[debug] [2019-08-06T13:04:14.257Z] ----------------------------------------------------------------------
[debug] 
[info] 
[info] Visit this URL on any device to log in:
[info] https://accounts.google.com/o/oauth2/auth?client_id=563584335869-fgrhgmd47bqnekij5i8b5pr03ho849e6.apps.googleusercontent.com&scope=email%20openid%20https%3A%2F%2Fwww.googleapis.com%2Fauth%2Fcloudplatformprojects.readonly%20https%3A%2F%2Fwww.googleapis.com%2Fauth%2Ffirebase%20https%3A%2F%2Fwww.googleapis.com%2Fauth%2Fcloud-platform&response_type=code&state=718485718&redirect_uri=urn%3Aietf%3Awg%3Aoauth%3A2.0%3Aoob
[info] 
[debug] [2019-08-06T13:04:18.899Z] Error: spawn cmd ENOENT
    at Process.ChildProcess._handle.onexit (internal/child_process.js:264:19)
    at onErrorNT (internal/child_process.js:456:16)
    at processTicksAndRejections (internal/process/task_queues.js:84:9)
[error] 
[error] Error: An unexpected error has occurred.
[debug] [2019-08-06T13:11:42.432Z] ----------------------------------------------------------------------
[debug] [2019-08-06T13:11:42.448Z] Command:       C:\Program Files\nodejs\node.exe C:\Users\daniel\AppData\Roaming\npm\node_modules\firebase-tools\lib\bin\firebase.js login
[debug] [2019-08-06T13:11:42.448Z] CLI Version:   7.2.2
[debug] [2019-08-06T13:11:42.448Z] Platform:      win32
[debug] [2019-08-06T13:11:42.448Z] Node Version:  v12.4.0
[debug] [2019-08-06T13:11:42.448Z] Time:          Tue Aug 06 2019 08:11:42 GMT-0500 (GMT-05:00)
[debug] [2019-08-06T13:11:42.448Z] ----------------------------------------------------------------------
[debug] 
[info] 
[info] Visit this URL on any device to log in:
[info] https://accounts.google.com/o/oauth2/auth?client_id=563584335869-fgrhgmd47bqnekij5i8b5pr03ho849e6.apps.googleusercontent.com&scope=email%20openid%20https%3A%2F%2Fwww.googleapis.com%2Fauth%2Fcloudplatformprojects.readonly%20https%3A%2F%2Fwww.googleapis.com%2Fauth%2Ffirebase%20https%3A%2F%2Fwww.googleapis.com%2Fauth%2Fcloud-platform&response_type=code&state=683918028&redirect_uri=http%3A%2F%2Flocalhost%3A9005
[info] 
[info] Waiting for authentication...
[debug] [2019-08-06T13:11:46.613Z] Error: spawn cmd ENOENT
    at Process.ChildProcess._handle.onexit (internal/child_process.js:264:19)
    at onErrorNT (internal/child_process.js:456:16)
    at processTicksAndRejections (internal/process/task_queues.js:84:9)
[error] 
[error] Error: An unexpected error has occurred.
[debug] [2019-08-06T13:12:06.534Z] ----------------------------------------------------------------------
[debug] [2019-08-06T13:12:06.534Z] Command:       C:\Program Files\nodejs\node.exe C:\Users\daniel\AppData\Roaming\npm\node_modules\firebase-tools\lib\bin\firebase.js login --no-localhost
[debug] [2019-08-06T13:12:06.549Z] CLI Version:   7.2.2
[debug] [2019-08-06T13:12:06.549Z] Platform:      win32
[debug] [2019-08-06T13:12:06.549Z] Node Version:  v12.4.0
[debug] [2019-08-06T13:12:06.549Z] Time:          Tue Aug 06 2019 08:12:06 GMT-0500 (GMT-05:00)
[debug] [2019-08-06T13:12:06.549Z] ----------------------------------------------------------------------
[debug] 
[info] 
[info] Visit this URL on any device to log in:
[info] https://accounts.google.com/o/oauth2/auth?client_id=563584335869-fgrhgmd47bqnekij5i8b5pr03ho849e6.apps.googleusercontent.com&scope=email%20openid%20https%3A%2F%2Fwww.googleapis.com%2Fauth%2Fcloudplatformprojects.readonly%20https%3A%2F%2Fwww.googleapis.com%2Fauth%2Ffirebase%20https%3A%2F%2Fwww.googleapis.com%2Fauth%2Fcloud-platform&response_type=code&state=111643077&redirect_uri=urn%3Aietf%3Awg%3Aoauth%3A2.0%3Aoob
[info] 
[debug] [2019-08-06T13:12:09.357Z] Error: spawn cmd ENOENT
    at Process.ChildProcess._handle.onexit (internal/child_process.js:264:19)
    at onErrorNT (internal/child_process.js:456:16)
    at processTicksAndRejections (internal/process/task_queues.js:84:9)
[error] 
[error] Error: An unexpected error has occurred.
[debug] [2019-08-06T13:12:28.436Z] ----------------------------------------------------------------------
[debug] [2019-08-06T13:12:28.452Z] Command:       C:\Program Files\nodejs\node.exe C:\Users\daniel\AppData\Roaming\npm\node_modules\firebase-tools\lib\bin\firebase.js login --interactive
[debug] [2019-08-06T13:12:28.452Z] CLI Version:   7.2.2
[debug] [2019-08-06T13:12:28.452Z] Platform:      win32
[debug] [2019-08-06T13:12:28.452Z] Node Version:  v12.4.0
[debug] [2019-08-06T13:12:28.452Z] Time:          Tue Aug 06 2019 08:12:28 GMT-0500 (GMT-05:00)
[debug] [2019-08-06T13:12:28.452Z] ----------------------------------------------------------------------
[debug] 
[info] 
[info] Visit this URL on any device to log in:
[info] https://accounts.google.com/o/oauth2/auth?client_id=563584335869-fgrhgmd47bqnekij5i8b5pr03ho849e6.apps.googleusercontent.com&scope=email%20openid%20https%3A%2F%2Fwww.googleapis.com%2Fauth%2Fcloudplatformprojects.readonly%20https%3A%2F%2Fwww.googleapis.com%2Fauth%2Ffirebase%20https%3A%2F%2Fwww.googleapis.com%2Fauth%2Fcloud-platform&response_type=code&state=973793771&redirect_uri=http%3A%2F%2Flocalhost%3A9005
[info] 
[info] Waiting for authentication...
[debug] [2019-08-06T13:12:34.645Z] Error: spawn cmd ENOENT
    at Process.ChildProcess._handle.onexit (internal/child_process.js:264:19)
    at onErrorNT (internal/child_process.js:456:16)
    at processTicksAndRejections (internal/process/task_queues.js:84:9)
[error] 
[error] Error: An unexpected error has occurred.
[debug] [2019-08-06T13:13:04.644Z] ----------------------------------------------------------------------
[debug] [2019-08-06T13:13:04.660Z] Command:       C:\Program Files\nodejs\node.exe C:\Users\daniel\AppData\Roaming\npm\node_modules\firebase-tools\lib\bin\firebase.js login --interactive
[debug] [2019-08-06T13:13:04.660Z] CLI Version:   7.2.2
[debug] [2019-08-06T13:13:04.660Z] Platform:      win32
[debug] [2019-08-06T13:13:04.660Z] Node Version:  v12.4.0
[debug] [2019-08-06T13:13:04.660Z] Time:          Tue Aug 06 2019 08:13:04 GMT-0500 (GMT-05:00)
[debug] [2019-08-06T13:13:04.675Z] ----------------------------------------------------------------------
[debug] 
[info] 
[info] Visit this URL on any device to log in:
[info] https://accounts.google.com/o/oauth2/auth?client_id=563584335869-fgrhgmd47bqnekij5i8b5pr03ho849e6.apps.googleusercontent.com&scope=email%20openid%20https%3A%2F%2Fwww.googleapis.com%2Fauth%2Fcloudplatformprojects.readonly%20https%3A%2F%2Fwww.googleapis.com%2Fauth%2Ffirebase%20https%3A%2F%2Fwww.googleapis.com%2Fauth%2Fcloud-platform&response_type=code&state=79441838&redirect_uri=http%3A%2F%2Flocalhost%3A9005
[info] 
[info] Waiting for authentication...
[debug] [2019-08-06T13:13:06.953Z] Error: spawn cmd ENOENT
    at Process.ChildProcess._handle.onexit (internal/child_process.js:264:19)
    at onErrorNT (internal/child_process.js:456:16)
    at processTicksAndRejections (internal/process/task_queues.js:84:9)
[error] 
[error] Error: An unexpected error has occurred.
[debug] [2019-08-06T13:18:30.426Z] ----------------------------------------------------------------------
[debug] [2019-08-06T13:18:30.442Z] Command:       C:\Program Files\nodejs\node.exe C:\Users\daniel\AppData\Roaming\npm\node_modules\firebase-tools\lib\bin\firebase.js login --no-localhost
[debug] [2019-08-06T13:18:30.442Z] CLI Version:   7.2.2
[debug] [2019-08-06T13:18:30.442Z] Platform:      win32
[debug] [2019-08-06T13:18:30.442Z] Node Version:  v12.4.0
[debug] [2019-08-06T13:18:30.442Z] Time:          Tue Aug 06 2019 08:18:30 GMT-0500 (GMT-05:00)
[debug] [2019-08-06T13:18:30.442Z] ----------------------------------------------------------------------
[debug] 
[info] 
[info] Visit this URL on any device to log in:
[info] https://accounts.google.com/o/oauth2/auth?client_id=563584335869-fgrhgmd47bqnekij5i8b5pr03ho849e6.apps.googleusercontent.com&scope=email%20openid%20https%3A%2F%2Fwww.googleapis.com%2Fauth%2Fcloudplatformprojects.readonly%20https%3A%2F%2Fwww.googleapis.com%2Fauth%2Ffirebase%20https%3A%2F%2Fwww.googleapis.com%2Fauth%2Fcloud-platform&response_type=code&state=88765253&redirect_uri=urn%3Aietf%3Awg%3Aoauth%3A2.0%3Aoob
[info] 
[debug] [2019-08-06T13:18:55.495Z] Error: spawn cmd ENOENT
    at Process.ChildProcess._handle.onexit (internal/child_process.js:264:19)
    at onErrorNT (internal/child_process.js:456:16)
    at processTicksAndRejections (internal/process/task_queues.js:84:9)
[error] 
[error] Error: An unexpected error has occurred.
